# vsim -vopt work.top -voptargs="+acc=npr" -assertdebug -l simulation.log -coverage -c -do "coverage save -onexit -assert -directive -cvg -codeAll coverage.ucdb; run -all; exit" 
# Start time: 21:46:10 on Feb 24,2026
# ** Note: (vsim-3812) Design is being optimized...
# ** Note: (vopt-143) Recognized 2 FSMs in module "axi_lite_if(fast)".
# ** Warning: axi4_sequence.sv(14): (vopt-2240) Treating stand-alone use of function 'randomize' as an implicit VOID cast.
# //  Questa Sim
# //  Version 10.6c linux Jul 25 2017
# //
# //  Copyright 1991-2017 Mentor Graphics Corporation
# //  All Rights Reserved.
# //
# //  QuestaSim and its associated documentation contain trade
# //  secrets and commercial or financial information that are the property of
# //  Mentor Graphics Corporation and are privileged, confidential,
# //  and exempt from disclosure under the Freedom of Information Act,
# //  5 U.S.C. Section 552. Furthermore, this information
# //  is prohibited from disclosure under the Trade Secrets Act,
# //  18 U.S.C. Section 1905.
# //
# Loading sv_std.std
# Loading work.axi4_if(fast)
# Loading mtiUvm.uvm_pkg
# Loading work.axi4_pkg(fast)
# Loading work.top(fast)
# Loading work.axi4_if(fast)
# Loading work.axi_lite_slave(fast)
# Loading work.axi_lite_if(fast)
# Loading work.reg_bank(fast)
# Loading work.led_driver(fast)
# Loading work.sevenseg_mux(fast)
# Loading work.irq_ctrl(fast)
# Loading mtiUvm.questa_uvm_pkg(fast)
# Loading /tools/mentor/questasim_10.6c/questasim/uvm-1.1d/linux/uvm_dpi.so
# coverage save -onexit -assert -directive -cvg -codeAll coverage.ucdb
#  run -all
# ----------------------------------------------------------------
# UVM-1.1d
# (C) 2007-2013 Mentor Graphics Corporation
# (C) 2007-2013 Cadence Design Systems, Inc.
# (C) 2006-2013 Synopsys, Inc.
# (C) 2011-2013 Cypress Semiconductor Corp.
# ----------------------------------------------------------------
# 
#   ***********       IMPORTANT RELEASE NOTES         ************
# 
#   You are using a version of the UVM library that has been compiled
#   with `UVM_NO_DEPRECATED undefined.
#   See http://www.eda.org/svdb/view.php?id=3313 for more details.
# 
#   You are using a version of the UVM library that has been compiled
#   with `UVM_OBJECT_MUST_HAVE_CONSTRUCTOR undefined.
#   See http://www.eda.org/svdb/view.php?id=3770 for more details.
# 
#       (Specify +UVM_NO_RELNOTES to turn off this notice)
# 
# UVM_INFO verilog_src/questa_uvm_pkg-1.2/src/questa_uvm_pkg.sv(215) @ 0: reporter [Questa UVM] QUESTA_UVM-1.2.3
# UVM_INFO verilog_src/questa_uvm_pkg-1.2/src/questa_uvm_pkg.sv(217) @ 0: reporter [Questa UVM]  questa_uvm::init(+struct)
# UVM_INFO @ 0: reporter [RNTST] Running test axi4_base_test...
# UVM_INFO axi4_driver.sv(37) @ 15000: uvm_test_top.env.act_agent.drv_h [DRV] Driving transaction
# UVM_INFO axi4_driver.sv(37) @ 25000: uvm_test_top.env.act_agent.drv_h [DRV] Driving transaction
# UVM_INFO axi4_driver.sv(37) @ 35000: uvm_test_top.env.act_agent.drv_h [DRV] Driving transaction
# UVM_INFO axi4_driver.sv(37) @ 45000: uvm_test_top.env.act_agent.drv_h [DRV] Driving transaction
# UVM_INFO axi4_driver.sv(37) @ 55000: uvm_test_top.env.act_agent.drv_h [DRV] Driving transaction
# UVM_INFO axi4_driver.sv(37) @ 65000: uvm_test_top.env.act_agent.drv_h [DRV] Driving transaction
# UVM_INFO axi4_driver.sv(37) @ 75000: uvm_test_top.env.act_agent.drv_h [DRV] Driving transaction
# UVM_INFO axi4_driver.sv(37) @ 85000: uvm_test_top.env.act_agent.drv_h [DRV] Driving transaction
# UVM_INFO axi4_driver.sv(37) @ 95000: uvm_test_top.env.act_agent.drv_h [DRV] Driving transaction
# UVM_INFO axi4_driver.sv(37) @ 105000: uvm_test_top.env.act_agent.drv_h [DRV] Driving transaction
# UVM_INFO axi4_driver.sv(37) @ 115000: uvm_test_top.env.act_agent.drv_h [DRV] Driving transaction
# UVM_INFO axi4_driver.sv(37) @ 125000: uvm_test_top.env.act_agent.drv_h [DRV] Driving transaction
# UVM_INFO axi4_driver.sv(37) @ 135000: uvm_test_top.env.act_agent.drv_h [DRV] Driving transaction
# UVM_INFO axi4_driver.sv(37) @ 145000: uvm_test_top.env.act_agent.drv_h [DRV] Driving transaction
# UVM_INFO axi4_driver.sv(37) @ 155000: uvm_test_top.env.act_agent.drv_h [DRV] Driving transaction
# UVM_INFO axi4_driver.sv(37) @ 165000: uvm_test_top.env.act_agent.drv_h [DRV] Driving transaction
# UVM_INFO axi4_driver.sv(37) @ 175000: uvm_test_top.env.act_agent.drv_h [DRV] Driving transaction
# UVM_INFO axi4_driver.sv(37) @ 185000: uvm_test_top.env.act_agent.drv_h [DRV] Driving transaction
# UVM_INFO axi4_driver.sv(37) @ 195000: uvm_test_top.env.act_agent.drv_h [DRV] Driving transaction
# UVM_INFO axi4_driver.sv(37) @ 205000: uvm_test_top.env.act_agent.drv_h [DRV] Driving transaction
# UVM_INFO axi4_driver.sv(37) @ 215000: uvm_test_top.env.act_agent.drv_h [DRV] Driving transaction
# UVM_INFO axi4_driver.sv(37) @ 225000: uvm_test_top.env.act_agent.drv_h [DRV] Driving transaction
# UVM_INFO axi4_driver.sv(37) @ 235000: uvm_test_top.env.act_agent.drv_h [DRV] Driving transaction
# UVM_INFO axi4_driver.sv(37) @ 245000: uvm_test_top.env.act_agent.drv_h [DRV] Driving transaction
# UVM_INFO axi4_driver.sv(37) @ 255000: uvm_test_top.env.act_agent.drv_h [DRV] Driving transaction
# UVM_INFO axi4_driver.sv(37) @ 265000: uvm_test_top.env.act_agent.drv_h [DRV] Driving transaction
# UVM_INFO axi4_driver.sv(37) @ 275000: uvm_test_top.env.act_agent.drv_h [DRV] Driving transaction
# UVM_INFO axi4_driver.sv(37) @ 285000: uvm_test_top.env.act_agent.drv_h [DRV] Driving transaction
# UVM_INFO axi4_driver.sv(37) @ 295000: uvm_test_top.env.act_agent.drv_h [DRV] Driving transaction
# UVM_INFO axi4_driver.sv(37) @ 305000: uvm_test_top.env.act_agent.drv_h [DRV] Driving transaction
# UVM_INFO axi4_driver.sv(37) @ 315000: uvm_test_top.env.act_agent.drv_h [DRV] Driving transaction
# UVM_INFO axi4_driver.sv(37) @ 325000: uvm_test_top.env.act_agent.drv_h [DRV] Driving transaction
# UVM_INFO axi4_driver.sv(37) @ 335000: uvm_test_top.env.act_agent.drv_h [DRV] Driving transaction
# UVM_INFO axi4_driver.sv(37) @ 345000: uvm_test_top.env.act_agent.drv_h [DRV] Driving transaction
# UVM_INFO axi4_driver.sv(37) @ 355000: uvm_test_top.env.act_agent.drv_h [DRV] Driving transaction
# UVM_INFO axi4_driver.sv(37) @ 365000: uvm_test_top.env.act_agent.drv_h [DRV] Driving transaction
# UVM_INFO axi4_driver.sv(37) @ 375000: uvm_test_top.env.act_agent.drv_h [DRV] Driving transaction
# UVM_INFO axi4_driver.sv(37) @ 385000: uvm_test_top.env.act_agent.drv_h [DRV] Driving transaction
# UVM_INFO axi4_driver.sv(37) @ 395000: uvm_test_top.env.act_agent.drv_h [DRV] Driving transaction
# UVM_INFO axi4_driver.sv(37) @ 405000: uvm_test_top.env.act_agent.drv_h [DRV] Driving transaction
# UVM_INFO axi4_driver.sv(37) @ 415000: uvm_test_top.env.act_agent.drv_h [DRV] Driving transaction
# UVM_INFO axi4_driver.sv(37) @ 425000: uvm_test_top.env.act_agent.drv_h [DRV] Driving transaction
# UVM_INFO axi4_driver.sv(37) @ 435000: uvm_test_top.env.act_agent.drv_h [DRV] Driving transaction
# UVM_INFO axi4_driver.sv(37) @ 445000: uvm_test_top.env.act_agent.drv_h [DRV] Driving transaction
# UVM_INFO axi4_driver.sv(37) @ 455000: uvm_test_top.env.act_agent.drv_h [DRV] Driving transaction
# UVM_INFO axi4_driver.sv(37) @ 465000: uvm_test_top.env.act_agent.drv_h [DRV] Driving transaction
# UVM_INFO axi4_driver.sv(37) @ 475000: uvm_test_top.env.act_agent.drv_h [DRV] Driving transaction
# UVM_INFO axi4_driver.sv(37) @ 485000: uvm_test_top.env.act_agent.drv_h [DRV] Driving transaction
# UVM_INFO axi4_driver.sv(37) @ 495000: uvm_test_top.env.act_agent.drv_h [DRV] Driving transaction
# UVM_INFO axi4_driver.sv(37) @ 505000: uvm_test_top.env.act_agent.drv_h [DRV] Driving transaction
# UVM_INFO axi4_driver.sv(37) @ 515000: uvm_test_top.env.act_agent.drv_h [DRV] Driving transaction
# UVM_INFO axi4_driver.sv(37) @ 525000: uvm_test_top.env.act_agent.drv_h [DRV] Driving transaction
# UVM_INFO axi4_driver.sv(37) @ 535000: uvm_test_top.env.act_agent.drv_h [DRV] Driving transaction
# UVM_INFO axi4_driver.sv(37) @ 545000: uvm_test_top.env.act_agent.drv_h [DRV] Driving transaction
# UVM_INFO axi4_driver.sv(37) @ 555000: uvm_test_top.env.act_agent.drv_h [DRV] Driving transaction
# UVM_INFO axi4_driver.sv(37) @ 565000: uvm_test_top.env.act_agent.drv_h [DRV] Driving transaction
# UVM_INFO axi4_driver.sv(37) @ 575000: uvm_test_top.env.act_agent.drv_h [DRV] Driving transaction
# UVM_INFO axi4_driver.sv(37) @ 585000: uvm_test_top.env.act_agent.drv_h [DRV] Driving transaction
# UVM_INFO axi4_driver.sv(37) @ 595000: uvm_test_top.env.act_agent.drv_h [DRV] Driving transaction
# UVM_INFO axi4_driver.sv(37) @ 605000: uvm_test_top.env.act_agent.drv_h [DRV] Driving transaction
# UVM_INFO axi4_driver.sv(37) @ 615000: uvm_test_top.env.act_agent.drv_h [DRV] Driving transaction
# UVM_INFO axi4_driver.sv(37) @ 625000: uvm_test_top.env.act_agent.drv_h [DRV] Driving transaction
# UVM_INFO axi4_driver.sv(37) @ 635000: uvm_test_top.env.act_agent.drv_h [DRV] Driving transaction
# UVM_INFO axi4_driver.sv(37) @ 645000: uvm_test_top.env.act_agent.drv_h [DRV] Driving transaction
# UVM_INFO axi4_driver.sv(37) @ 655000: uvm_test_top.env.act_agent.drv_h [DRV] Driving transaction
# UVM_INFO axi4_driver.sv(37) @ 665000: uvm_test_top.env.act_agent.drv_h [DRV] Driving transaction
# UVM_INFO axi4_driver.sv(37) @ 675000: uvm_test_top.env.act_agent.drv_h [DRV] Driving transaction
# UVM_INFO axi4_driver.sv(37) @ 685000: uvm_test_top.env.act_agent.drv_h [DRV] Driving transaction
# UVM_INFO axi4_driver.sv(37) @ 695000: uvm_test_top.env.act_agent.drv_h [DRV] Driving transaction
# UVM_INFO axi4_driver.sv(37) @ 705000: uvm_test_top.env.act_agent.drv_h [DRV] Driving transaction
# UVM_INFO axi4_driver.sv(37) @ 715000: uvm_test_top.env.act_agent.drv_h [DRV] Driving transaction
# UVM_INFO axi4_driver.sv(37) @ 725000: uvm_test_top.env.act_agent.drv_h [DRV] Driving transaction
# UVM_INFO axi4_driver.sv(37) @ 735000: uvm_test_top.env.act_agent.drv_h [DRV] Driving transaction
# UVM_INFO axi4_driver.sv(37) @ 745000: uvm_test_top.env.act_agent.drv_h [DRV] Driving transaction
# UVM_INFO axi4_driver.sv(37) @ 755000: uvm_test_top.env.act_agent.drv_h [DRV] Driving transaction
# UVM_INFO axi4_driver.sv(37) @ 765000: uvm_test_top.env.act_agent.drv_h [DRV] Driving transaction
# UVM_INFO axi4_driver.sv(37) @ 775000: uvm_test_top.env.act_agent.drv_h [DRV] Driving transaction
# UVM_INFO axi4_driver.sv(37) @ 785000: uvm_test_top.env.act_agent.drv_h [DRV] Driving transaction
# UVM_INFO axi4_driver.sv(37) @ 795000: uvm_test_top.env.act_agent.drv_h [DRV] Driving transaction
# UVM_INFO axi4_driver.sv(37) @ 805000: uvm_test_top.env.act_agent.drv_h [DRV] Driving transaction
# UVM_INFO axi4_driver.sv(37) @ 815000: uvm_test_top.env.act_agent.drv_h [DRV] Driving transaction
# UVM_INFO axi4_driver.sv(37) @ 825000: uvm_test_top.env.act_agent.drv_h [DRV] Driving transaction
# UVM_INFO axi4_driver.sv(37) @ 835000: uvm_test_top.env.act_agent.drv_h [DRV] Driving transaction
# UVM_INFO axi4_driver.sv(37) @ 845000: uvm_test_top.env.act_agent.drv_h [DRV] Driving transaction
# UVM_INFO axi4_driver.sv(37) @ 855000: uvm_test_top.env.act_agent.drv_h [DRV] Driving transaction
# UVM_INFO axi4_driver.sv(37) @ 865000: uvm_test_top.env.act_agent.drv_h [DRV] Driving transaction
# UVM_INFO axi4_driver.sv(37) @ 875000: uvm_test_top.env.act_agent.drv_h [DRV] Driving transaction
# UVM_INFO axi4_driver.sv(37) @ 885000: uvm_test_top.env.act_agent.drv_h [DRV] Driving transaction
# UVM_INFO axi4_driver.sv(37) @ 895000: uvm_test_top.env.act_agent.drv_h [DRV] Driving transaction
# UVM_INFO axi4_driver.sv(37) @ 905000: uvm_test_top.env.act_agent.drv_h [DRV] Driving transaction
# UVM_INFO axi4_driver.sv(37) @ 915000: uvm_test_top.env.act_agent.drv_h [DRV] Driving transaction
# UVM_INFO axi4_driver.sv(37) @ 925000: uvm_test_top.env.act_agent.drv_h [DRV] Driving transaction
# UVM_INFO axi4_driver.sv(37) @ 935000: uvm_test_top.env.act_agent.drv_h [DRV] Driving transaction
# UVM_INFO axi4_driver.sv(37) @ 945000: uvm_test_top.env.act_agent.drv_h [DRV] Driving transaction
# UVM_INFO axi4_driver.sv(37) @ 955000: uvm_test_top.env.act_agent.drv_h [DRV] Driving transaction
# UVM_INFO axi4_driver.sv(37) @ 965000: uvm_test_top.env.act_agent.drv_h [DRV] Driving transaction
# UVM_INFO axi4_driver.sv(37) @ 975000: uvm_test_top.env.act_agent.drv_h [DRV] Driving transaction
# UVM_INFO axi4_driver.sv(37) @ 985000: uvm_test_top.env.act_agent.drv_h [DRV] Driving transaction
# UVM_INFO axi4_driver.sv(37) @ 995000: uvm_test_top.env.act_agent.drv_h [DRV] Driving transaction
# UVM_INFO axi4_driver.sv(37) @ 1005000: uvm_test_top.env.act_agent.drv_h [DRV] Driving transaction
# UVM_INFO verilog_src/uvm-1.1d/src/base/uvm_objection.svh(1268) @ 1015000: reporter [TEST_DONE] 'run' phase is ready to proceed to the 'extract' phase
# UVM_INFO axi4_subscriber.sv(207) @ 1015000: uvm_test_top.env.cov [axi4_subscriber] [INPUT_COVERAGE] Coverage -------> 0.00%
# UVM_INFO axi4_subscriber.sv(209) @ 1015000: uvm_test_top.env.cov [axi4_subscriber] [OUTPUT_COVERAGE] Coverage ------> 0.00%
# 
# --- UVM Report Summary ---
# 
# ** Report counts by severity
# UVM_INFO :  106
# UVM_WARNING :    0
# UVM_ERROR :    0
# UVM_FATAL :    0
# ** Report counts by id
# [DRV]   100
# [Questa UVM]     2
# [RNTST]     1
# [TEST_DONE]     1
# [axi4_subscriber]     2
# ** Note: $finish    : /tools/mentor/questasim_10.6c/questasim/linux/../verilog_src/uvm-1.1d/src/base/uvm_root.svh(430)
#    Time: 1015 ns  Iteration: 62  Instance: /top
# Saving coverage database on exit...
# End time: 21:46:14 on Feb 24,2026, Elapsed time: 0:00:04
# Errors: 0, Warnings: 1
